<?xml version="1.0" encoding="UTF-8"?>
<testng-results ignored="0" total="1" passed="1" failed="0" skipped="0">
  <reporter-output>
  </reporter-output>
  <suite started-at="2024-11-17T22:49:34 ICT" name="Test Web Project" finished-at="2024-11-17T22:49:53 ICT" duration-ms="19098">
    <groups>
    </groups>
    <test started-at="2024-11-17T22:49:34 ICT" name="Run test scripts on Chrome" finished-at="2024-11-17T22:49:53 ICT" duration-ms="19098">
      <class name="web.testscript.TestScriptForWeb">
        <test-method is-config="true" signature="beforeClass(java.lang.String,java.lang.String,java.lang.String)[pri:0, instance:web.testscript.TestScriptForWeb@5b7a5baa]" started-at="2024-11-17T22:49:34 ICT" name="beforeClass" finished-at="2024-11-17T22:49:40 ICT" duration-ms="6041" status="PASS">
          <params>
            <param index="0">
              <value>
                <![CDATA[Chrome]]>
              </value>
            </param>
            <param index="1">
              <value>
                <![CDATA[https://accesstrade.global/]]>
              </value>
            </param>
            <param index="2">
              <value>
                <![CDATA[99.0]]>
              </value>
            </param>
          </params>
          <reporter-output>
          </reporter-output>
        </test-method> <!-- beforeClass -->
        <test-method signature="TC_05_CheckRegister()[pri:0, instance:web.testscript.TestScriptForWeb@5b7a5baa]" started-at="2024-11-17T22:49:40 ICT" name="TC_05_CheckRegister" finished-at="2024-11-17T22:49:53 ICT" duration-ms="12735" status="PASS">
          <reporter-output>
          </reporter-output>
        </test-method> <!-- TC_05_CheckRegister -->
        <test-method is-config="true" signature="afterClass(java.lang.String)[pri:0, instance:web.testscript.TestScriptForWeb@5b7a5baa]" started-at="2024-11-17T22:49:53 ICT" name="afterClass" finished-at="2024-11-17T22:49:53 ICT" duration-ms="270" status="PASS">
          <params>
            <param index="0">
              <value>
                <![CDATA[Chrome]]>
              </value>
            </param>
          </params>
          <reporter-output>
          </reporter-output>
        </test-method> <!-- afterClass -->
      </class> <!-- web.testscript.TestScriptForWeb -->
    </test> <!-- Run test scripts on Chrome -->
  </suite> <!-- Test Web Project -->
</testng-results>
